 ./bnetlib:22:#"$(uci
get ./bnetlib:116:
get ./bnetlib:126:
${_CONFFILE}.AP1.AP_iface) ./bcommons:28:
${_CONFFILE}.AP1.AP_iface) ./bstatcheckin.sh:32:
${_CONFFILE}.client.ap_if=$_foundwif ./bconfigure.sh:161:
${_CONFFILE}.client.base_LAN_IP) ./bconfigure.sh:249:
node.general.board) ./bstatcheckin.sh:370:
wireless.@wifi-iface[-1].bssid=$(uci ./bconfigure.sh:232:
wireless.${_radion}.channel=1 ./bconfigure.sh:208:
www.google.com ./conn_state.sh:353:
${_CONFFILE}.client.configured=1 ./bconfigure.sh:273:
cp_switch."handler_${cp_HANDLER}".cp_name) ./bstatcheckin.sh:377:
wireless.@wifi-iface[-1].device="radio0" ./bconfigure.sh:228:
wireless.${_radion}.disabled=0 ./bconfigure.sh:210:
${_CONFFILE}.${_tracker}.domain) ./bstatcheckin.sh:91:
${_CONFFILE}.${_tracker}.enabled) ./bstatcheckin.sh:94:
wireless.@wifi-iface[0].encryption=none ./bconfigure.sh:219:
${_CONFFILE}.client.errlvl) ./conn_state.sh:39:
${_CONFFILE}.client.errlvl=$_errtotal ./conn_state.sh:94:
${_CONFFILE}.client.eth0MAC); ./bconfigure.sh:287:
${_CONFFILE}.client.eth0MAC) ./bstatcheckin.sh:93:
${_CONFFILE}.client.eth0MAC="$_eth0MAC" ./bconfigure.sh:270:
${_CONFFILE}.${_tracker}.host) ./bstatcheckin.sh:85:
system.@system[0].hostname='B.R.U.C.E('$4$5$6')' ./bconfigure.sh:263:#
system.@system[0].hostname=$_hostname ./bconfigure.sh:262:
${_CONFFILE}.client.hostname=$_hostname ./bconfigure.sh:272:
wireless.${_radion}.hwmode='11g' ./bconfigure.sh:209:
${_CONFFILE}.client.inet_active=0 ./bstatcheckin.sh:458:
${_CONFFILE}.client.inet_active=0 ./conn_state.sh:295:
${_CONFFILE}.client.inet_active=0 ./conn_state.sh:38:
${_CONFFILE}.client.inet_active=0 ./conn_state.sh:387:
${_CONFFILE}.client.inet_active=0 ./conn_state.sh:391:
${_CONFFILE}.client.inet_active=1 ./bstatcheckin.sh:415:
${_CONFFILE}.client.inet_active=1 ./conn_state.sh:384:
network.@alias[0].ipaddr) ./bstart.sh:335:
network.@alias[0].ipaddr=$_LAN_IP ./bconfigure.sh:252:
network.lan.ipaddr=$(uci ./bstart.sh:271:
node.general.kernel) ./bstatcheckin.sh:369:
${_CONFFILE}.client.LAN_IP=$_LAN_IP ./bconfigure.sh:274:
${_CONFFILE}.client.last_serverURL="${_host}/${_proot}" ./bstatcheckin.sh:185:
${_CONFFILE}.client.last_serverURL="${_host}/${_proot}" ./bstatcheckin.sh:204:
${_CONFFILE}.client.last_tracker_idx="-1" ./bstatcheckin.sh:277:
${_CONFFILE}.client.last_tracker_idx)" ./bstatcheckin.sh:284:
${_CONFFILE}.client.last_tracker_idx="$_tidx" ./bstatcheckin.sh:186:
${_CONFFILE}.client.last_tracker_idx="$_tidx" ./bstatcheckin.sh:205:
${_CONFFILE}.client.mesh_wif) ./bcommons:27:
${_CONFFILE}.client.mesh_wif)" ./bstart.sh:102:
${_CONFFILE}.client.mesh_wif) ./bstatcheckin.sh:31:
${_CONFFILE}.client.mesh_wif=$_foundwif ./bconfigure.sh:155:
${_CONFFILE}.client.mesh_wif=$(get_adhoc_wif) ./bconfigure.sh:276:
wireless.@wifi-iface[0].mode=ap ./bconfigure.sh:215:
wireless.@wifi-iface[-1].mode=$_wif_mode ./bconfigure.sh:229:
network.lan.netmask="255.255.0.0" ./bstart.sh:272:
${_CONFFILE}.${_tracker}.network) ./bstatcheckin.sh:92:
wireless.@wifi-iface[0].network=lan ./bconfigure.sh:214:
${_CONFFILE}.${_tracker}.password) ./bstatcheckin.sh:89:
${_CONFFILE}.client.predef_role) ./bstart.sh:353:
${_CONFFILE}.${_tracker}.proot) ./bstatcheckin.sh:86:
network.lan.proto='static' ./bstart.sh:270:
${_CONFFILE}.client.role)" ./bstart.sh:104:
node.general.role)" ./bstatcheckin.sh:346:#[
${_CONFFILE}.client.role="$_this_role" ./bstart.sh:359:
flags.status.RR) ./bstatcheckin.sh:372:
uci ./bstart.sh:101:
@141 ./bstart.sh:14:#init
-z ./bstart.sh:150:
get ./conn_state.sh:15:#11:01
_wan_IP="$(uci ./bstart.sh:189:
fping ./bstart.sh:190:
-p ./bstatcheckin.sh:192:
get ./conn_state.sh:212:
again ./bconfigure.sh:22:#14:03
get ./conn_state.sh:25:
#-uci ./bconfigure.sh:253:	uci
$(uci ./bstart.sh:275:
= ./bstatcheckin.sh:287:
= ./bconfigure.sh:289:
6 ./bstatcheckin.sh:290:
network ./bstart.sh:31:root@449f0a:/etc/BRUCE#
get ./bstart.sh:331:
get ./bstart.sh:332:#FIXIT
"$(uci ./bstart.sh:334:
"-1" ./bstart.sh:355:
 ./bstatcheckin.sh:374:	IP="$(uci
 ./bstatcheckin.sh:375:	MAC_TO_SEND="$(uci
 ./bstatcheckin.sh:381:	PSSID="$(uci
not ./bstart.sh:382:#FIXIT
 ./bstatcheckin.sh:382:	SSID="$(uci
!= ./bstatcheckin.sh:408:
= ./bstatcheckin.sh:419:
undefined ./conn_state.sh:42:
-eq ./bstatcheckin.sh:450:
get ./bstatcheckin.sh:459:
wireless.${_radion}.softled=0 ./bconfigure.sh:211:
wireless.@wifi-iface[0].ssid="BRUCE-${_hostname}-AP" ./bconfigure.sh:217:
wireless.@wifi-iface[-1].ssid='BRUCE-MESH' ./bconfigure.sh:231:
"uci ./analyse.txt:1:rh@debian6esxi:~/Xfer/BRUCExfer$
wireless.radio0.type) ./bconfigure.sh:204:
${_CONFFILE}.AP1.up=0 ./bstatcheckin.sh:460:
${_CONFFILE}.AP1.up=1 ./bstatcheckin.sh:422:
${_CONFFILE}.${_tracker}.username) ./bstatcheckin.sh:88:
cp_switch.main.which_handler) ./bstatcheckin.sh:371:
